<?xml version="1.0" encoding="UTF-8"?>
<testsuite xmlns:xsi="http://www.w3.org/2001/XMLSchema-instance" xsi:noNamespaceSchemaLocation="https://maven.apache.org/surefire/maven-surefire-plugin/xsd/surefire-test-report.xsd" name="com.runner.TestRunner" time="2.424" tests="10" errors="0" skipped="0" failures="0">
  <properties>
[...]
</properties>
  <testcase name="verify TransferMoney Functionality in DashboardPage" classname="verify DashBoardPage all functionalities" time="0.437"/>
  <testcase name="verify Apply Loan Functionality in DashboardPage" classname="verify DashBoardPage all functionalities" time="0.038"/>
  <testcase name="verify the login functionality with valid credentials" classname="Verify all possibilites Test login in functionality of paraBank #1" time="0.033"/>
  <testcase name="verify the login functionality with Invalid credentials" classname="Verify all possibilites Test login in functionality of paraBank #1" time="0.029"/>
  <testcase name="verify the login functionality with Invalid username valid password" classname="Verify all possibilites Test login in functionality of paraBank #1" time="0.023"/>
  <testcase name="verify the login functionality with valid username invalid password" classname="Verify all possibilites Test login in functionality of paraBank #1" time="0.028"/>
  <testcase name="verify the login functionality with valid credentials" classname="Verify all possibilites Test login in functionality of paraBank #2" time="0.03"/>
  <testcase name="verify the login functionality with Invalid credentials" classname="Verify all possibilites Test login in functionality of paraBank #2" time="0.028"/>
  <testcase name="verify the login functionality with Invalid username valid password" classname="Verify all possibilites Test login in functionality of paraBank #2" time="0.028"/>
  <testcase name="verify the login functionality with valid username invalid password" classname="Verify all possibilites Test login in functionality of paraBank #2" time="0.024"/>
</testsuite>